  Compiling CUDA source file kernel.cu...
  
  D:\C++Learning\CUDA-Learning\ThreadsCollaboration\Wave\Wave>"C:\Program Files\NVIDIA GPU Computing Toolkit\CUDA\v12.6\bin\nvcc.exe" -gencode=arch=compute_52,code=\"sm_52,compute_52\" --use-local-env -ccbin "D:\Program Files\Microsoft Visual Studio\2022\Community\VC\Tools\MSVC\14.41.34120\bin\HostX64\x64" -x cu   -I"C:\Program Files\NVIDIA GPU Computing Toolkit\CUDA\v12.6\include" -I"C:\Program Files\NVIDIA GPU Computing Toolkit\CUDA\v12.6\include"  -G   --keep-dir x64\Debug  -maxrregcount=0   --machine 64 --compile -cudart static  -g  -DWIN32 -DWIN64 -D_DEBUG -D_CONSOLE -D_MBCS -Xcompiler "/EHsc /W3 /nologo /Od /FS /Zi /RTC1 /MDd " -Xcompiler "/Fdx64\Debug\vc143.pdb" -o D:\C++Learning\CUDA-Learning\ThreadsCollaboration\Wave\Wave\x64\Debug\kernel.cu.obj "D:\C++Learning\CUDA-Learning\ThreadsCollaboration\Wave\Wave\kernel.cu" 
D:\C++ Libiary\opencv\build\include\opencv2/stitching/detail/warpers.hpp(235): warning #611-D: overloaded virtual function "cv::detail::PlaneWarper::buildMaps" is only partially overridden in class "cv::detail::AffineWarper"
    class  AffineWarper : public PlaneWarper
           ^
  
  Remark: The warnings can be suppressed with "-diag-suppress <warning-number>"
  
D:\C++ Libiary\opencv\build\include\opencv2/stitching/detail/warpers.hpp(235): warning #611-D: overloaded virtual function "cv::detail::PlaneWarper::warp" is only partially overridden in class "cv::detail::AffineWarper"
    class  AffineWarper : public PlaneWarper
           ^
  
D:\C++ Libiary\opencv\build\include\opencv2/stitching/detail/matchers.hpp(182): warning #611-D: overloaded virtual function "cv::detail::FeaturesMatcher::match" is only partially overridden in class "cv::detail::BestOf2NearestMatcher"
    class  BestOf2NearestMatcher : public FeaturesMatcher
           ^
  
D:\C++ Libiary\opencv\build\include\opencv2/stitching/detail/matchers.hpp(236): warning #611-D: overloaded virtual function "cv::detail::FeaturesMatcher::match" is only partially overridden in class "cv::detail::AffineBestOf2NearestMatcher"
    class  AffineBestOf2NearestMatcher : public BestOf2NearestMatcher
           ^
  
D:\C++ Libiary\opencv\build\include\opencv2/stitching/detail/blenders.hpp(100): warning #611-D: overloaded virtual function "cv::detail::Blender::prepare" is only partially overridden in class "cv::detail::FeatherBlender"
    class  FeatherBlender : public Blender
           ^
  
D:\C++ Libiary\opencv\build\include\opencv2/stitching/detail/blenders.hpp(127): warning #611-D: overloaded virtual function "cv::detail::Blender::prepare" is only partially overridden in class "cv::detail::MultiBandBlender"
    class  MultiBandBlender : public Blender
           ^
  
D:\C++ Libiary\opencv\build\include\opencv2/stitching/detail/warpers.hpp(235): warning #611-D: overloaded virtual function "cv::detail::PlaneWarper::buildMaps" is only partially overridden in class "cv::detail::AffineWarper"
    class  AffineWarper : public PlaneWarper
           ^
  
  Remark: The warnings can be suppressed with "-diag-suppress <warning-number>"
  
D:\C++ Libiary\opencv\build\include\opencv2/stitching/detail/warpers.hpp(235): warning #611-D: overloaded virtual function "cv::detail::PlaneWarper::warp" is only partially overridden in class "cv::detail::AffineWarper"
    class  AffineWarper : public PlaneWarper
           ^
  
D:\C++ Libiary\opencv\build\include\opencv2/stitching/detail/matchers.hpp(182): warning #611-D: overloaded virtual function "cv::detail::FeaturesMatcher::match" is only partially overridden in class "cv::detail::BestOf2NearestMatcher"
    class  BestOf2NearestMatcher : public FeaturesMatcher
           ^
  
D:\C++ Libiary\opencv\build\include\opencv2/stitching/detail/matchers.hpp(236): warning #611-D: overloaded virtual function "cv::detail::FeaturesMatcher::match" is only partially overridden in class "cv::detail::AffineBestOf2NearestMatcher"
    class  AffineBestOf2NearestMatcher : public BestOf2NearestMatcher
           ^
  
D:\C++ Libiary\opencv\build\include\opencv2/stitching/detail/blenders.hpp(100): warning #611-D: overloaded virtual function "cv::detail::Blender::prepare" is only partially overridden in class "cv::detail::FeatherBlender"
    class  FeatherBlender : public Blender
           ^
  
D:\C++ Libiary\opencv\build\include\opencv2/stitching/detail/blenders.hpp(127): warning #611-D: overloaded virtual function "cv::detail::Blender::prepare" is only partially overridden in class "cv::detail::MultiBandBlender"
    class  MultiBandBlender : public Blender
           ^
  
  kernel.cu
  tmpxft_000083b0_00000000-7_kernel.cudafe1.cpp
    正在创建库 D:\C++Learning\CUDA-Learning\ThreadsCollaboration\Wave\x64\Debug\Wave.lib 和对象 D:\C++Learning\CUDA-Learning\ThreadsCollaboration\Wave\x64\Debug\Wave.exp
LINK : warning LNK4098: 默认库“LIBCMT”与其他库的使用冲突；请使用 /NODEFAULTLIB:library
  Wave.vcxproj -> D:\C++Learning\CUDA-Learning\ThreadsCollaboration\Wave\x64\Debug\Wave.exe
